<?xml version="1.0" encoding="UTF-8"?>
<testsuite name="br.mil.mar.dabm.pdti.test.domain.service.PlanoDiretorServiceTests" time="19.405" tests="33" errors="0" skipped="0" failures="0">
  <properties>
[...]
</properties>
  <testcase name="insertItemAnaliseSwotMustPass" classname="br.mil.mar.dabm.pdti.test.domain.service.PlanoDiretorServiceTests" time="0.485"/>
  <testcase name="insertItemDocumentoReferenciaMustFailWithoutMandatoryFields" classname="br.mil.mar.dabm.pdti.test.domain.service.PlanoDiretorServiceTests" time="0.46"/>
  <testcase name="removePlanoDiretorOriginalUltimaVersaoMustPass" classname="br.mil.mar.dabm.pdti.test.domain.service.PlanoDiretorServiceTests" time="0.464"/>
  <testcase name="updatePlanoDiretorMustPass" classname="br.mil.mar.dabm.pdti.test.domain.service.PlanoDiretorServiceTests" time="0.444"/>
  <testcase name="removePlanoDiretorFilhoVersaoAnteriorMustPass" classname="br.mil.mar.dabm.pdti.test.domain.service.PlanoDiretorServiceTests" time="0.448"/>
  <testcase name="insertItemAnaliseSwotMustFailWithWrongParameter" classname="br.mil.mar.dabm.pdti.test.domain.service.PlanoDiretorServiceTests" time="0.488"/>
  <testcase name="updateSecaoMustFailWithoutMandatoryFields" classname="br.mil.mar.dabm.pdti.test.domain.service.PlanoDiretorServiceTests" time="0.456"/>
  <testcase name="updateSecaoMustPass" classname="br.mil.mar.dabm.pdti.test.domain.service.PlanoDiretorServiceTests" time="1.22"/>
  <testcase name="removeSecaoMustPass" classname="br.mil.mar.dabm.pdti.test.domain.service.PlanoDiretorServiceTests" time="0.509"/>
  <testcase name="insertNovoPlanoDiretorMustFailWithoutMandatoryFields" classname="br.mil.mar.dabm.pdti.test.domain.service.PlanoDiretorServiceTests" time="0.596"/>
  <testcase name="updateItemDocumentoReferenciaMustPass" classname="br.mil.mar.dabm.pdti.test.domain.service.PlanoDiretorServiceTests" time="0.78"/>
  <testcase name="insertItemEstrategiaMustPass" classname="br.mil.mar.dabm.pdti.test.domain.service.PlanoDiretorServiceTests" time="0.52"/>
  <testcase name="insertItemDocumentoReferenciaMustPass" classname="br.mil.mar.dabm.pdti.test.domain.service.PlanoDiretorServiceTests" time="0.67"/>
  <testcase name="insertItemAnaliseSwotMustFailWithoutMandatoryFields" classname="br.mil.mar.dabm.pdti.test.domain.service.PlanoDiretorServiceTests" time="0.516"/>
  <testcase name="removePlanoDiretorFilhoUltimaVersaoMustPass" classname="br.mil.mar.dabm.pdti.test.domain.service.PlanoDiretorServiceTests" time="0.603"/>
  <testcase name="updateItemEstrategiaMustPass" classname="br.mil.mar.dabm.pdti.test.domain.service.PlanoDiretorServiceTests" time="0.664"/>
  <testcase name="updateItemPrincipioDiretrizMustPass" classname="br.mil.mar.dabm.pdti.test.domain.service.PlanoDiretorServiceTests" time="1.016"/>
  <testcase name="listPlanoDiretorByUltimaVersaoMustPass" classname="br.mil.mar.dabm.pdti.test.domain.service.PlanoDiretorServiceTests" time="0.644"/>
  <testcase name="insertItemPrincipioDiretrizMustFailWithWrongParameter" classname="br.mil.mar.dabm.pdti.test.domain.service.PlanoDiretorServiceTests" time="0.842"/>
  <testcase name="insertItemPrincipioDiretrizMustPass" classname="br.mil.mar.dabm.pdti.test.domain.service.PlanoDiretorServiceTests" time="0.488"/>
  <testcase name="insertItemEstrategiaMustFailWithWrongParameter" classname="br.mil.mar.dabm.pdti.test.domain.service.PlanoDiretorServiceTests" time="0.661"/>
  <testcase name="removePlanoDiretorOriginalComFilhosMustFail" classname="br.mil.mar.dabm.pdti.test.domain.service.PlanoDiretorServiceTests" time="0.44"/>
  <testcase name="insertItemDocumentoReferenciaMustFailWithWrongParameter" classname="br.mil.mar.dabm.pdti.test.domain.service.PlanoDiretorServiceTests" time="0.484"/>
  <testcase name="insertNovoPlanoDiretorWithOlderVersion" classname="br.mil.mar.dabm.pdti.test.domain.service.PlanoDiretorServiceTests" time="0.429"/>
  <testcase name="updateItemAnaliseSwotMustPass" classname="br.mil.mar.dabm.pdti.test.domain.service.PlanoDiretorServiceTests" time="0.664"/>
  <testcase name="listSecaoMustPass" classname="br.mil.mar.dabm.pdti.test.domain.service.PlanoDiretorServiceTests" time="0.805"/>
  <testcase name="removePlanoDiretorMustFailWithStatusPublicado" classname="br.mil.mar.dabm.pdti.test.domain.service.PlanoDiretorServiceTests" time="0.42"/>
  <testcase name="listPlanoDiretorMustPass" classname="br.mil.mar.dabm.pdti.test.domain.service.PlanoDiretorServiceTests" time="0.432"/>
  <testcase name="insertItemEstrategiaMustFailWithoutMandatoryFields" classname="br.mil.mar.dabm.pdti.test.domain.service.PlanoDiretorServiceTests" time="0.483"/>
  <testcase name="insertSecaoMustPass" classname="br.mil.mar.dabm.pdti.test.domain.service.PlanoDiretorServiceTests" time="0.424"/>
  <testcase name="insertNovoPlanoDiretorMustPass" classname="br.mil.mar.dabm.pdti.test.domain.service.PlanoDiretorServiceTests" time="0.749"/>
  <testcase name="insertSecaoMustFailWithoutMandatoryFields" classname="br.mil.mar.dabm.pdti.test.domain.service.PlanoDiretorServiceTests" time="0.4"/>
  <testcase name="insertItemPrincipioDiretrizMustFailWithoutMandatoryFields" classname="br.mil.mar.dabm.pdti.test.domain.service.PlanoDiretorServiceTests" time="0.701"/>
</testsuite>